<?xml version="1.0" encoding="UTF-8"?>
<testsuite xmlns:xsi="http://www.w3.org/2001/XMLSchema-instance" xsi:noNamespaceSchemaLocation="https://maven.apache.org/surefire/maven-surefire-plugin/xsd/surefire-test-report-3.0.xsd" version="3.0" name="org.example.trademodel.mapper.MarketEnvironmentSnapshotMapperIntegrationTest" time="0.026" tests="3" errors="0" skipped="0" failures="0">
  <properties>
[...]
</properties>
  <testcase name="insert_roundTrips_secondDimensionStructuredColumns_fromVoSemantics" classname="org.example.trademodel.mapper.MarketEnvironmentSnapshotMapperIntegrationTest" time="0.008">
    <system-out><![CDATA[2026-04-26T20:32:14.769+08:00 DEBUG 5508 --- [trade-model-v1] [           main] o.e.t.m.M.insert                         : ==>  Preparing: INSERT INTO tm_market_environment_snapshot(analysis_id, symbol, timeframe, environment_type, risk_mode, trend_friendliness, leverage_suggestion, range_pct_24h, volatility_regime, last_funding_rate, perp_funding_applied, last_open_interest, open_interest_delta, oi_applied, derivatives_crowding_state, summary, source_type, create_time) VALUES(?, ?, ?, ?, ?, ?, ?, ?, ?, ?, ?, ?, ?, ?, ?, ?, ?, ?)
2026-04-26T20:32:14.770+08:00 DEBUG 5508 --- [trade-model-v1] [           main] o.e.t.m.M.insert                         : ==> Parameters: ana-mev-second-dim(String), BTCUSDT(String), 1h(String), range_market(String), normal(String), 50(Integer), moderate_leverage(String), 4.0(Double), 中等波动(String), 0.000125(BigDecimal), true(Boolean), 75797.837(BigDecimal), 12.5(BigDecimal), true(Boolean), CROWDED_LONG(String), snap summary(String), BINANCE_24H_HEURISTIC(String), 2026-04-21T12:00(LocalDateTime)
2026-04-26T20:32:14.771+08:00 DEBUG 5508 --- [trade-model-v1] [           main] o.e.t.m.M.insert                         : <==    Updates: 1
2026-04-26T20:32:14.771+08:00 DEBUG 5508 --- [trade-model-v1] [           main] o.e.t.m.M.selectByAnalysisId             : ==>  Preparing: SELECT id, analysis_id AS analysisId, symbol, timeframe, environment_type AS environmentType, risk_mode AS riskMode, trend_friendliness AS trendFriendliness, leverage_suggestion AS leverageSuggestion, range_pct_24h AS rangePct24h, volatility_regime AS volatilityRegime, last_funding_rate AS lastFundingRate, perp_funding_applied AS perpFundingApplied, last_open_interest AS lastOpenInterest, open_interest_delta AS openInterestDelta, oi_applied AS oiApplied, derivatives_crowding_state AS derivativesCrowdingState, summary, source_type AS sourceType, create_time AS createTime FROM tm_market_environment_snapshot WHERE analysis_id = ? LIMIT 1
2026-04-26T20:32:14.771+08:00 DEBUG 5508 --- [trade-model-v1] [           main] o.e.t.m.M.selectByAnalysisId             : ==> Parameters: ana-mev-second-dim(String)
2026-04-26T20:32:14.772+08:00 DEBUG 5508 --- [trade-model-v1] [           main] o.e.t.m.M.selectByAnalysisId             : <==      Total: 1
]]></system-out>
  </testcase>
  <testcase name="insert_keeps_secondDimension_null_whenUnset_likeVoWithoutHighLow" classname="org.example.trademodel.mapper.MarketEnvironmentSnapshotMapperIntegrationTest" time="0.006">
    <system-out><![CDATA[2026-04-26T20:32:14.778+08:00 DEBUG 5508 --- [trade-model-v1] [           main] o.e.t.m.M.insert                         : ==>  Preparing: INSERT INTO tm_market_environment_snapshot(analysis_id, symbol, timeframe, environment_type, risk_mode, trend_friendliness, leverage_suggestion, range_pct_24h, volatility_regime, last_funding_rate, perp_funding_applied, last_open_interest, open_interest_delta, oi_applied, derivatives_crowding_state, summary, source_type, create_time) VALUES(?, ?, ?, ?, ?, ?, ?, ?, ?, ?, ?, ?, ?, ?, ?, ?, ?, ?)
2026-04-26T20:32:14.778+08:00 DEBUG 5508 --- [trade-model-v1] [           main] o.e.t.m.M.insert                         : ==> Parameters: ana-mev-second-dim-null(String), BTCUSDT(String), 1h(String), range_market(String), normal(String), 50(Integer), moderate_leverage(String), null, null, null, null, null, null, null, null, snap summary(String), BINANCE_24H_HEURISTIC(String), 2026-04-21T12:00(LocalDateTime)
2026-04-26T20:32:14.779+08:00 DEBUG 5508 --- [trade-model-v1] [           main] o.e.t.m.M.insert                         : <==    Updates: 1
2026-04-26T20:32:14.779+08:00 DEBUG 5508 --- [trade-model-v1] [           main] o.e.t.m.M.selectByAnalysisId             : ==>  Preparing: SELECT id, analysis_id AS analysisId, symbol, timeframe, environment_type AS environmentType, risk_mode AS riskMode, trend_friendliness AS trendFriendliness, leverage_suggestion AS leverageSuggestion, range_pct_24h AS rangePct24h, volatility_regime AS volatilityRegime, last_funding_rate AS lastFundingRate, perp_funding_applied AS perpFundingApplied, last_open_interest AS lastOpenInterest, open_interest_delta AS openInterestDelta, oi_applied AS oiApplied, derivatives_crowding_state AS derivativesCrowdingState, summary, source_type AS sourceType, create_time AS createTime FROM tm_market_environment_snapshot WHERE analysis_id = ? LIMIT 1
2026-04-26T20:32:14.779+08:00 DEBUG 5508 --- [trade-model-v1] [           main] o.e.t.m.M.selectByAnalysisId             : ==> Parameters: ana-mev-second-dim-null(String)
2026-04-26T20:32:14.780+08:00 DEBUG 5508 --- [trade-model-v1] [           main] o.e.t.m.M.selectByAnalysisId             : <==      Total: 1
]]></system-out>
  </testcase>
  <testcase name="selectLatestBySymbolAndTimeframe_returnsLatestSnapshot" classname="org.example.trademodel.mapper.MarketEnvironmentSnapshotMapperIntegrationTest" time="0.006">
    <system-out><![CDATA[2026-04-26T20:32:14.784+08:00 DEBUG 5508 --- [trade-model-v1] [           main] o.e.t.m.M.insert                         : ==>  Preparing: INSERT INTO tm_market_environment_snapshot(analysis_id, symbol, timeframe, environment_type, risk_mode, trend_friendliness, leverage_suggestion, range_pct_24h, volatility_regime, last_funding_rate, perp_funding_applied, last_open_interest, open_interest_delta, oi_applied, derivatives_crowding_state, summary, source_type, create_time) VALUES(?, ?, ?, ?, ?, ?, ?, ?, ?, ?, ?, ?, ?, ?, ?, ?, ?, ?)
2026-04-26T20:32:14.784+08:00 DEBUG 5508 --- [trade-model-v1] [           main] o.e.t.m.M.insert                         : ==> Parameters: ana-mev-prev-early(String), BTCUSDT(String), 1h(String), range_market(String), normal(String), 50(Integer), moderate_leverage(String), null, null, null, null, 100(BigDecimal), null, null, null, snap summary(String), BINANCE_24H_HEURISTIC(String), 2026-04-21T12:00(LocalDateTime)
2026-04-26T20:32:14.784+08:00 DEBUG 5508 --- [trade-model-v1] [           main] o.e.t.m.M.insert                         : <==    Updates: 1
2026-04-26T20:32:14.785+08:00 DEBUG 5508 --- [trade-model-v1] [           main] o.e.t.m.M.insert                         : ==>  Preparing: INSERT INTO tm_market_environment_snapshot(analysis_id, symbol, timeframe, environment_type, risk_mode, trend_friendliness, leverage_suggestion, range_pct_24h, volatility_regime, last_funding_rate, perp_funding_applied, last_open_interest, open_interest_delta, oi_applied, derivatives_crowding_state, summary, source_type, create_time) VALUES(?, ?, ?, ?, ?, ?, ?, ?, ?, ?, ?, ?, ?, ?, ?, ?, ?, ?)
2026-04-26T20:32:14.785+08:00 DEBUG 5508 --- [trade-model-v1] [           main] o.e.t.m.M.insert                         : ==> Parameters: ana-mev-prev-latest(String), BTCUSDT(String), 1h(String), range_market(String), normal(String), 50(Integer), moderate_leverage(String), null, null, null, null, 135(BigDecimal), null, null, null, snap summary(String), BINANCE_24H_HEURISTIC(String), 2026-04-21T12:05(LocalDateTime)
2026-04-26T20:32:14.785+08:00 DEBUG 5508 --- [trade-model-v1] [           main] o.e.t.m.M.insert                         : <==    Updates: 1
2026-04-26T20:32:14.786+08:00 DEBUG 5508 --- [trade-model-v1] [           main] e.t.m.M.selectLatestBySymbolAndTimeframe : ==>  Preparing: SELECT id, analysis_id AS analysisId, symbol, timeframe, environment_type AS environmentType, risk_mode AS riskMode, trend_friendliness AS trendFriendliness, leverage_suggestion AS leverageSuggestion, range_pct_24h AS rangePct24h, volatility_regime AS volatilityRegime, last_funding_rate AS lastFundingRate, perp_funding_applied AS perpFundingApplied, last_open_interest AS lastOpenInterest, open_interest_delta AS openInterestDelta, oi_applied AS oiApplied, derivatives_crowding_state AS derivativesCrowdingState, summary, source_type AS sourceType, create_time AS createTime FROM tm_market_environment_snapshot WHERE symbol = ? AND timeframe = ? ORDER BY create_time DESC, id DESC LIMIT 1
2026-04-26T20:32:14.786+08:00 DEBUG 5508 --- [trade-model-v1] [           main] e.t.m.M.selectLatestBySymbolAndTimeframe : ==> Parameters: BTCUSDT(String), 1h(String)
2026-04-26T20:32:14.787+08:00 DEBUG 5508 --- [trade-model-v1] [           main] e.t.m.M.selectLatestBySymbolAndTimeframe : <==      Total: 1
]]></system-out>
  </testcase>
</testsuite>