<?xml version="1.0" encoding="UTF-8"?>
<testsuite xmlns:xsi="http://www.w3.org/2001/XMLSchema-instance" xsi:noNamespaceSchemaLocation="https://maven.apache.org/surefire/maven-surefire-plugin/xsd/surefire-test-report-3.0.xsd" version="3.0" name="org.example.trademodel.service.impl.ScoreServiceImplTest" time="10.924" tests="41" errors="0" skipped="0" failures="0">
  <properties>
[...]
</properties>
  <testcase name="buildScoreList_appliesMacroEnvironmentCrowdingPenaltyMinus5_whenCrowdedLongOrShort" classname="org.example.trademodel.service.impl.ScoreServiceImplTest" time="10.856"/>
  <testcase name="buildScoreList_appliesSentimentOiFundingSynergyPlus5_whenSameDirection" classname="org.example.trademodel.service.impl.ScoreServiceImplTest" time="0.001"/>
  <testcase name="listTopScoreBriefByAnalysisId_returnsEmptyListWhenNoData" classname="org.example.trademodel.service.impl.ScoreServiceImplTest" time="0.011"/>
  <testcase name="buildScoreList_setsEventImpactScoreLower_whenEventEvidenceExists" classname="org.example.trademodel.service.impl.ScoreServiceImplTest" time="0.002"/>
  <testcase name="buildScoreList_appliesSentimentHighVolatilityPenalty" classname="org.example.trademodel.service.impl.ScoreServiceImplTest" time="0.001"/>
  <testcase name="buildScoreList_keepsSentimentWithinClampBounds_forExtremeWhitelistedCombination" classname="org.example.trademodel.service.impl.ScoreServiceImplTest" time="0.002"/>
  <testcase name="buildScoreList_returnsTrendStructureScoreBelowBaselineForBearishSummary" classname="org.example.trademodel.service.impl.ScoreServiceImplTest" time="0.002"/>
  <testcase name="buildScoreList_setsEventImpactScoreBaseline_whenEvidenceListMissing" classname="org.example.trademodel.service.impl.ScoreServiceImplTest" time="0.001"/>
  <testcase name="buildScoreList_setsOverallCredibilityLower_whenSummaryConflictsWithPriceStructureEvidence" classname="org.example.trademodel.service.impl.ScoreServiceImplTest" time="0.001"/>
  <testcase name="buildScoreList_returnsBaselineWhenSummaryBlankOrMarketEnvNull" classname="org.example.trademodel.service.impl.ScoreServiceImplTest" time="0.0"/>
  <testcase name="buildScoreList_prefersPriceStructureDirection_overDescriptionKeywords" classname="org.example.trademodel.service.impl.ScoreServiceImplTest" time="0.001"/>
  <testcase name="buildScoreList_setsMacroEnvironmentScoreBaseline50_whenMacroWhitelistInputsMissing" classname="org.example.trademodel.service.impl.ScoreServiceImplTest" time="0.0"/>
  <testcase name="buildScoreList_setsLiquidityQualityLower_whenHighVolatilityAndRangeAtLeast6Percent" classname="org.example.trademodel.service.impl.ScoreServiceImplTest" time="0.0"/>
  <testcase name="buildScoreList_setsSentimentTemperatureBaseline50_whenNoWhitelistInputs" classname="org.example.trademodel.service.impl.ScoreServiceImplTest" time="0.001"/>
  <testcase name="buildScoreList_usesPriceStructureEvidenceBearishSignal_whenSummaryNeutral" classname="org.example.trademodel.service.impl.ScoreServiceImplTest" time="0.0"/>
  <testcase name="buildScoreList_setsLiquidityQualityBaseline_whenLiquidityInputsMissing" classname="org.example.trademodel.service.impl.ScoreServiceImplTest" time="0.0"/>
  <testcase name="buildScoreList_keepsTrendStructureScoreLogicUnchanged_asRegression" classname="org.example.trademodel.service.impl.ScoreServiceImplTest" time="0.001"/>
  <testcase name="buildScoreList_setsSentimentTemperatureAbove50_whenPriceChangePositive" classname="org.example.trademodel.service.impl.ScoreServiceImplTest" time="0.0"/>
  <testcase name="buildScoreList_appliesSentimentOiFundingOppositePenaltyMinus5" classname="org.example.trademodel.service.impl.ScoreServiceImplTest" time="0.001"/>
  <testcase name="buildScoreList_setsMacroEnvironmentScoreHigher_whenNarrowAndRangeBelow2Percent" classname="org.example.trademodel.service.impl.ScoreServiceImplTest" time="0.0"/>
  <testcase name="buildScoreList_setsLeverageRiskLower_whenLowLeverageAndHighVolatility" classname="org.example.trademodel.service.impl.ScoreServiceImplTest" time="0.001"/>
  <testcase name="buildScoreList_usesEventImpactInputContract_whenProvided" classname="org.example.trademodel.service.impl.ScoreServiceImplTest" time="0.008"/>
  <testcase name="buildScoreList_setsSentimentTemperatureBelow50_whenPriceChangeNegative" classname="org.example.trademodel.service.impl.ScoreServiceImplTest" time="0.001"/>
  <testcase name="buildScoreList_setsFundingMomentumBaseline_whenFundingNotApplied" classname="org.example.trademodel.service.impl.ScoreServiceImplTest" time="0.0"/>
  <testcase name="buildScoreList_withoutEvidence_keepsExistingSummaryLogic" classname="org.example.trademodel.service.impl.ScoreServiceImplTest" time="0.0"/>
  <testcase name="buildScoreList_prefersEventImpactInputContract_overEvidenceFallback" classname="org.example.trademodel.service.impl.ScoreServiceImplTest" time="0.001"/>
  <testcase name="buildScoreList_setsMacroEnvironmentScoreLower_whenHighVolatilityAndRangeAtLeast6Percent" classname="org.example.trademodel.service.impl.ScoreServiceImplTest" time="0.0"/>
  <testcase name="buildScoreList_appliesSentimentNarrowVolatilityBonus" classname="org.example.trademodel.service.impl.ScoreServiceImplTest" time="0.0"/>
  <testcase name="buildScoreList_locksFundingAdjustmentToPlusOrMinus5_forSentimentTemperature" classname="org.example.trademodel.service.impl.ScoreServiceImplTest" time="0.0"/>
  <testcase name="buildScoreList_appliesSentimentConflictPenaltyMinus5_whenPriceStructureDirectionConflicts" classname="org.example.trademodel.service.impl.ScoreServiceImplTest" time="0.0"/>
  <testcase name="buildScoreList_appliesFundingConflictPenalty_whenPriceStructureOpposesFundingDirection" classname="org.example.trademodel.service.impl.ScoreServiceImplTest" time="0.0"/>
  <testcase name="listTopScoreBriefByAnalysisId_returnsRowsWhenExists" classname="org.example.trademodel.service.impl.ScoreServiceImplTest" time="0.001"/>
  <testcase name="buildScoreList_usesPriceStructureEvidenceBullishSignal_whenSummaryNeutral" classname="org.example.trademodel.service.impl.ScoreServiceImplTest" time="0.001"/>
  <testcase name="buildScoreList_setsLiquidityQualityHigher_whenNarrowRegimeAndRangeBelow2Percent" classname="org.example.trademodel.service.impl.ScoreServiceImplTest" time="0.0"/>
  <testcase name="buildScoreList_returnsTrendStructureScoreAboveBaselineForBullishSummary" classname="org.example.trademodel.service.impl.ScoreServiceImplTest" time="0.001"/>
  <testcase name="buildScoreList_setsOverallCredibilityNearBaseline_whenInputsMissing" classname="org.example.trademodel.service.impl.ScoreServiceImplTest" time="0.0"/>
  <testcase name="buildScoreList_setsOverallCredibilityHigh_whenInputsAreComplete" classname="org.example.trademodel.service.impl.ScoreServiceImplTest" time="0.0"/>
  <testcase name="listTopScoreBriefByAnalysisId_returnsEmptyListAndSkipsMapperWhenBlank" classname="org.example.trademodel.service.impl.ScoreServiceImplTest" time="0.003"/>
  <testcase name="buildScoreList_setsFundingMomentumHigher_whenFundingPositiveMediumAndNoConflict" classname="org.example.trademodel.service.impl.ScoreServiceImplTest" time="0.0"/>
  <testcase name="buildScoreList_setsLeverageRiskHigher_whenModerateLeverageAndNormalRisk" classname="org.example.trademodel.service.impl.ScoreServiceImplTest" time="0.002"/>
  <testcase name="buildScoreList_setsEventImpactScoreBaseline_whenNoEventEvidenceExists" classname="org.example.trademodel.service.impl.ScoreServiceImplTest" time="0.0"/>
</testsuite>